[    0.000000] Linux version 4.15.0-70-generic (buildd@lgw01-amd64-055) (cc version 7.4.0 (Ubuntu 7.4.0-1ubuntu1~18.04.1)) #79-Ubuntu SMP Tue Nov 12 10:36:1 UTC 2019 (Ubuntu 4.15.0-70.79-generic 4.15.18)
[    0.000000] Command line: BOOT_IMAGE=/boot/vmlinuz-4.15.0-70-generic root=UUID=c96d8c50-ee80-4ac7-84c9-80244f1234dc ro console=tty1 console=ttyS0
[    0.000000] KERNEL supported cpus:
[    0.000000]   Intel GeuineIntel
[   0.000000]  AMD AuthenticAMD
[    0.000000]   Centaur CentaurHauls
[    0.000000]x86/fpu: Supporting XSAVE feature 0x001: 'x87 floating point registers'
[    0.000000] x86/fpu Supporting XSAVE feature 0x002: 'SSE registers'
[    0.000000] x86/fpu: Supporting XSAVE feature 0x004:'AVX registers'
[    0.000000] x86/fpu: xstate_offset[2]:  576, xstate_sizes[2]:  256
[    0.000000] x86/fpu: Enabled xstate features 0x7, context size is 832 bytes, sing 'standard' format.
[    0.000000] e820: BIOS-provied physica RAM map:
[    0.000000] BIOS-e820: [mem 0x0000000000000000-0x000000000009fbff] usable
[    .000000] BIOS-e820: [mem 0x000000000009fc00-0x000000000009fff] reserved
[    0.000000] BIOS-e820: [m 0x00000000000f0000-0x0000000000fffff] eserved
[    0.000000] BIOS-e820: [mem 0x0000000000100000-0x000000003ffeffff] usable
[    0.000000] BIOS-e820: [mem 0x000000003fff0000-0x000000003fffffff] ACPI data
[    0.000000] BIOS-e820: [mem 0x00000000fec00000-0x00000000fec00fff] reserved
[    0.000000] BIOS-e820: [mem 0x00000000fee00000-0x00000000fee00fff] reserved
[    0.000000] BIOS-e820: [mem 0x00000000fffc0000-0x00000000ffffffff] reserved
[    0.000000] NX (Execute Disable) protection: active
[    0.000000] SMBIOS 2.5 present.
[    0.000000] DMI: innotek GmbH VirtualBox/VirtualBox, BIOS VirtualBox 12/01/2006
[    0.000000] Hypervisor detected: KVM
[    0.000000] e820: last_pfn = 0x3fff0 max_arch_pfn = 0x400000000
[    0.000000] MTRR: Disabled
[    0.000000] x86/PAT: MTRRs disabled, skipping PAT initialization too.
[    0.000000] CPU MTRRs all blank - virtualized system.
[    0.000000]x86/PAT: Configuration [0-7]: B  WT  UC- UC  WB  WT  UC- UC  
[    0.000000 found SMP MP-table at mem 0x0009fff0-0x0009ffff]
[    0.000000] Scanning 1 ares for low memory corrption
[    0.000000] RAMDISK: me 0x359830000x36cb8fff]
[    0.000000] ACPI: Early table checksum verification disabled
[   0.000000] ACPI: RSDP 0x00000000000E0000 000024 (v02 VBOX  )
[    0.000000] ACPI: XSDT 0x000000003FFF0030 00003C (v01 VBOX   VBOXXSDT 00000001 ASL  00000061)
[    0.000000] ACPI: FACP 0x000000003FFF00F0 0000F4 (v04 VBOX   VBOXFACP 00000001 ASL  00000061)
    0.000000 ACPI: DSDT 0x000000003FFF0470 0021FF (v02 VBOX   VBOXBIOS 00000002 INTL 20100528)
[    0.000000] ACPI: FACS 0x00000003FFF0200 000040
[    0.000000] ACPI: FACS 0x000000003FFF0200 000040
[    0.000000] ACPI: APIC 0x000000003FFF0240 00005C (v02 VBOX   VBOXAPIC 00000001 ASL  00000061)
[    0.000000] ACPI: SSDT 0x000000003FFF02A0 0001CC (v01 VBOX   VBOXCPUT 00000002 INTL 20100528)
[    0.000000] No NUMA configuration found
[    0.000000] Faking a node at [mem 0x0000000000000000-0x000000003ffeffff]
[    0.000000] NODE_DATA(0) allocated [mem 0x3ffc5000-0x3ffeffff]
[    0.000000] kvm-clock: cpu 0, msr 0:3ff44001, primary cpu clock
[    0.000000] kvm-clock: Using msrs 4b564d01 and 4b564d00
[    0.000000] kvm-clock: using sched offset of 7844548730 cycles
[    0.000000] clocksource: kvm-clock: mask: 0xffffffffffffffff max_cycles: 0x1cd42e4dffb, max_idle_ns: 881590591483 ns
[    0.000000] Zone ranges:
[    0.000000]   DMA      [mem 0x0000000000001000-0x0000000000ffffff]
[    0.000000]   DMA32    [mem 0x0000000001000000-0x000000003ffeffff]
[    0.000000]   Normal   empty
[    0.000000]   Device   empty
[    0.000000] Movable zone start for each node
[   0.000000] Early meemory node ranges
[    0.000000]   node   0: [mem 0x0000000000001000-0x000000000009efff]
[    0.000000]   node   0: [mem 0x0000000000100000-0x000000003ffeffff]
[    0.000000] Reserved but unavailable: 98 pages
[    0.000000] Initmem setup node 0 [mem 0x0000000000001000-0x000000003ffeffff]
[    0.000000] ACPI: PM-Timer IO Port: 0x4008
[    0.000000] IOAPIC[0]: apic_id 2, version 32, address 0xfec00000, GSI 0-23
[    0.000000] ACPI: INT_SRC_OVR (bus 0 bus_irq 0 global_irq 2 dfl dfl)
[    0.000000] ACPI: INT_SRC_OVR (bus 0 bus_irq 9 global_irq 9 low level)
[    0.000000] Using ACPI (MADT) for SMP configuration information
[    0.000000] smpboot: Allowing 2 CPUs, 0 hotplug CPUs
[   0.000000] PM Reistered nosave memory: [mem 0x00000000-0x00000ff]
[    0.000000] PM: Registered nosave memory: [mem 0x0009f000-0x0009ffff]
[    0.000000]  PM: Registered nosave emory: [mem 0x000a0000-0x000effff]
[    0.000000] PM: Registered nosave memory: [mem 0x0000000-0x000fffff]
[    0.000000] e820: [mem 0x40000000-0xfebfffff] available for PCI devices
[    0.000000] Booting paravirtualized kernel onKVM
[    0.000000] clocksource: refined-jiffies: mask: 0xffffffff max_cycles: 0xffffffff, max_idle_ns: 7645519600211568 ns
[    0.000000] random: get_random_bytes called from start_kernel+0x99/04fd with crng_init=0
[    0.000000] setup_percpu: NR_CPUS:8192 nr_cpumask_bits:2 nr_cpu_ids:2 nr_node_ids:1
[    0.000000] percpu: Embedded 45 pages/cpu s147456 r8192 d8672 u1048576
[    0.000000] PV qspinlock hash table entries: 256 (order: 0, 4096 bytes)
[    0.000000] Built 1 zonelists, mobility grouping on.  Total pages: 257913
[    0.000000] Policy zone: DMA32
[    0.000000] Kernel command line: BOOT_IMAGE=/boot/vmlinuz-4.15.0-70-generic root=UUID=c96d8c50-ee80-4ac7-84c9-80244f1234dc ro console=tty1 console=ttyS0
[    0.000000] Memory: 982916K/1048120K available (12300K kernel code, 2481K rwdata, 4264K rodata, 2432K init, 2388K bss, 65204K reserved, 0K cma-reserved)
[    0.000000] SLUB: HWalign=64, Order=0-3, MinObjects=0, CPUs=2, Nodes=1
[    0.000000] Kernel/Usr page tales isolation: enabled
[    0.000000] ftrace: allocating 39315 entries in 154 pages
[    0.004000] Hierarchical RCU implementation.
[    0.04000] 	RCU restricting CPUs from NR_CPUS=8192 to nr_cpu_ids=2.
[    0.004000] 	Tasks RCU enabled.
[    0.004000] RCU: Adjusting geometry for rcu_fanout_leaf=16, nr_cpu_ids=2
[    0.004000] NR_IRQS: 524544, nr_irqs: 440, preallocated irqs: 16
[    0.004000] Console: colour VGA+ 80x25
[    0.004000] console [tty1] enabled
[    0.004000] console [ttyS0] enabled
[    0.00000] ACPI: Core revision 20170831
[    0.004000] ACPI: 2 ACPI AML tables successfully acquired and loaded
[    0.004000] APIC: Switch to symmetric I/O mode setup
[    0.004000] x2apic enabled
[    0.004000] Switched APIC routng to physical x2apic.
[    0.006383] ..TIMER: vector=0x30 apic1=0 pin1=2 apic2=-1 pin2=-1
[    0.008007] tsc: Detected 1799.999 MHz processor
[    0.010473] Calibrating delay loop (skipped) preset value.. 3599.99 BogoMIPS (lpj=7199996)
[    0.012009] pid_max: default: 32768 minimum: 301
[    0.014370] Security Framework initialized
[    0.016008] Yama: becoming mindful.
[    0.017459] AppArmor: AppArmor initialized
[    0.023246] Dentry cache hash table entries: 131072 (order: 8, 1048576 bytes)
[    0.024130] Inode-cache hash table entries: 65536 (order: 7, 524288 bytes)
[    0.028033] Mount-cache hash table entries: 2048 (order: 2, 16384 bytes)
[    0.032023] Mountpoint-cache hash table entries: 2048 (order: 2, 16384 bytes)
[    0.036376] Last level iTLB entries: 4KB 64, 2MB 8, 4MB 8
[    0.039174] Last level dTLB entries: 4KB 64, 2MB 0, 4MB 0, 1GB 4
[    0.040009] Spectre V1 : Mitigation: usercopy/swapgs barriers and __user pointer sanitization
[    0.044008] Spectre V2 : Mitigation: Full generic retpoline
[    0.048008] Spectre V2 : Spectre v2 / SpectreRSB mitigation: Filling RSB on context switch
[    0.052008] Speculative Store Bypass: Vulnerable
[    0.055103] MDS: Vulnerable: Clear CPU buffers attempted, no microcode
[    0.056624] Freeing SMP alternatives memory: 36K
[    0.173129] smpboot: CPU0: Intel(R) Core(TM) i5-5350U CPU @ 1.80GHz (family: 0x6, model: 0x3d, stepping: 0x4)
[    0.180049] Performance Events: unsupported p6 CPU model 61 no PMU driver, software events only.
[    0.183075] Hierarchical SRCU implementation.
[    0.184655] NMI watchdog: Perf event create on CPU 0 failed with -2
[    0.188003] NMI watchdog: Perf NMI watchdog permanently disabled
[    0.189759] smp: Bringing up secondary CPUs ...
[    0.191282] x86: Booting SMP configuration:
[    0.192004] .... node  #0, CPUs:      #1
[    0.004000] kvm-clock: cpu 1, msr 0:3ff44041, secondary cpu clock
[    0.200025] smp: Brought up 1 node, 2 CPUs
[    0.201669] smpboot: Max logical packages: 1
[    0.203379] smpboot: Total of 2 processors activated (7199.99 BogoMIPS)
[    0.204153] devtmpfs: initialized
[    0.205081] x86/mm: Memory block size: 128MB
[    0.208159] evm: security.selinux
[    0.209170] evm: security.SMACK64
[    0.210166] evm: security.SMACK64EXEC
[    0.212003] evm: security.SMACK64TRANSMUTE
[    0.213285] evm: security.SMACK64MMAP
[    0.214364] evm: security.apparmor
[    0.215393] evm: security.ima
[    0.216006] evm: security.capability
[    0.217857] clocksource: jiffies: mask: 0xffffffff max_cycles: 0xffffffff, max_idle_ns: 7645041785100000 ns
[    0.220035] futex hash table entries: 512 (order: 3, 32768 bytes)
[    0.228050] pinctrl core: initialized pinctrl subsystem
[    0.232040] RTC time:  1:52:32, date: 11/18/19
[    0.234480] NET: Registered protocol family 16
[    0.236160] audit: initializing netlink subsys (disabled)
[    0.240085] audit: type=2000 audit(1574041958.869:1): state=initialized audit_enabled=0 res=1
[    0.244053] cpuidle: using governor ladder
[    0.248051] cpuidle: using governor menu
[    0.250238] ACPI: bus type PCI registered
[    0.252006] acpiphp: ACPI Hot Plug PCI Controller Driver version: 0.5
[    0.255244] PCI: Using configuration type 1 for base access
[    0.264850] HugeTLB registered 2.00 MiB page size, pre-allocated 0 pages
[    0.268702] ACPI: Added _OSI(Module Device)
[    0.272016] ACPI: Added _OSI(Processor Device)
[    0.276010] ACPI: Added _OSI(3.0 _SCP Extensions)
[    0.278467] ACPI: Added _OSI(Processor Aggregator Device)
[    0.280262] ACPI: Added _OSI(Linux-Dell-Video)
[    0.284011] ACPI: Added _OSI(Linux-Lenovo-NV-HDMI-Audio)
[    0.288014] ACPI: Added _OSI(Linux-HPI-Hybrid-Graphics)
[    0.293301] ACPI: Executed 1 blocks of module-level executable AML code
[    0.305675] ACPI: Interpreter enabled
[    0.308038] ACPI: (supports S0 S5)
[    0.312008] ACPI: Using IOAPIC for interrupt routing
[    0.316487] PCI: Using host bridge windows from ACPI; if necessary, use "pci=nocrs" and report a bug
[    0.320513] ACPI: Enabled 2 GPEs in block 00 to 07
[    0.344046] ACPI: PCI Root Bridge [PCI0] (domain 0000 [bus 00-ff])
[    0.348020] acpi PNP0A03:00: _OSC: OS supports [ASPM ClockPM Segments MSI]
[    0.352079] acpi PNP0A03:00: _OSC: not requesting OS control; OS requires [ExtendedConfig ASPM ClockPM MSI]
[    0.356039] acpi PNP0A03:00: fail to add MMCONFIG information, can't access extended PCI configuration space under this bridge.
[    0.361004] PCI host bridge to bus 0000:00
[    0.364015] pci_bus 0000:00: root bus resource [io  0x0000-0x0cf7 window]
[    0.368015] pci_bus 0000:00: root bus resource [io  0x0d00-0xffff window]
[    0.372018] pci_bus 0000:00: root bus resource [mem 0x000a0000-0x000bffff window]
[    0.376015] pci_bus 0000:00: root bus resource [mem 0x40000000-0xfdffffff window]
[    0.380033] pci_bus 0000:00: root bus resource [bus 00-ff]
[    0.393442] pci 0000:00:01.1: legacy IDE quirk: reg 0x10: [io  0x01f0-0x01f7]
[    0.396013] pci 0000:00:01.1: legacy IDE quirk: reg 0x14: [io  0x03f6]
[    0.400014] pci 0000:00:01.1: legacy IDE quirk: reg 0x18: [io  0x0170-0x0177]
[    0.404014] pci 0000:00:01.1: legacy IDE quirk: reg 0x1c: [io  0x0376]
[    0.455637] pci 0000:00:07.0: quirk: [io  0x4000-0x403f] claimed by PIIX4 ACPI
[    0.456056] pci 0000:00:07.0: quirk: [io  0x4100-0x410f] claimed by PIIX4 SMB
[    0.500352] ACPI: PCI Interrupt Link [LNKA] (IRQs 5 9 10 *11)
[    0.504752] ACPI: PCI Interrupt Link [LNKB] (IRQs 5 9 *10 11)
[    0.508376] ACPI: PCI Interrupt Link [LNKC] (IRQs 5 *9 10 11)
[    0.512646] ACPI: PCI Interrupt Link [LNKD] (IRQs 5 9 10 *11)
[    0.520147] SCSI subsystem initialized
[    0.526344] pci 0000:00:02.0: vgaarb: setting as boot VGA device
[    0.528000] pci 0000:00:02.0: vgaarb: VGA device added: decodes=io+mem,owns=io+mem,locks=none
[    0.528017] pci 0000:00:02.0: vgaarb: bridge control possible
[    0.532009] vgaarb: loaded
[    0.535173] ACPI: bus type USB registered
[    0.536062] usbcore: registered new interface driver usbfs
[    0.539865] usbcore: registered new interface driver hub
[    0.540123] usbcore: registered new device driver usb
[    0.544139] EDAC MC: Ver: 3.0.0
[    0.552016] PCI: Using ACPI for IRQ routing
[    0.557704] NetLabel: Initializing
[    0.560009] NetLabel:  domain hash size = 128
[    0.564009] NetLabel:  protocols = UNLABELED CIPSOv4 CALIPSO
[    0.568040] NetLabel:  unlabeled traffic allowed by default
[    0.573403] clocksource: Switched to clocksource kvm-clock
[    0.602881] VFS: Disk quotas dquot_6.6.0
[    0.632265] VFS: Dquot-cache hash table entries: 512 (order 0, 4096 bytes)
[    0.639807] AppArmor: AppArmor Filesystem Enabled
[    0.642429] pnp: PnP ACPI init
[    0.647539] pnp: PnP ACPI: found 3 devices
[    0.663484] clocksource: acpi_pm: mask: 0xffffff max_cycles: 0xffffff, max_idle_ns: 2085701024 ns
[    0.679774] NET: Registered protocol family 2
[    0.684416] TCP established hash table entries: 8192 (order: 4, 65536 bytes)
[    0.696358] TCP bind hash table entries: 8192 (order: 5, 131072 bytes)
[    0.708453] TCP: Hash tables configured (established 8192 bind 8192)
[    0.713310] UDP hash table entries: 512 (order: 2, 16384 bytes)
[    0.719876] UDP-Lite hash table entries: 512 (order: 2, 16384 bytes)
[    0.730857] NET: Registered protocol family 1
[    0.750307] pci 0000:00:00.0: Limiting direct PCI/PCI transfers
[    0.797580] pci 0000:00:01.0: Activating ISA DMA hang workarounds
[    0.862570] pci 0000:00:02.0: Video device with shadowed ROM at [mem 0x000c0000-0x000dffff]
[    0.879661] Unpacking initramfs...
[    1.422657] Freeing initrd memory: 19672K
[    1.425317] clocksource: tsc: mask: 0xffffffffffffffff max_cycles: 0x19f228ab7a2, max_idle_ns: 440795289252 ns
[    1.431076] platform rtc_cmos: registered platform RTC device (no PNP device found)
[    1.435287] Scanning for low memory corruption every 60 seconds
[    1.444661] Initialise system trusted keyrings
[    1.447496] Key type blacklist registered
[    1.456154] workingset: timestamp_bits=36 max_order=18 bucket_order=0
[    1.482949] zbud: loaded
[    1.488916] squashfs: version 4.0 (2009/01/31) Phillip Lougher
[    1.536184] fuse init (API version 7.26)
[    1.597263] Key type asymmetric registered
[    1.600891] Asymmetric key parser 'x509' registered
[    1.610364] Block layer SCSI generic (bsg) driver version 0.4 loaded (major 246)
[    1.615040] io scheduler noop registered
[    1.618070] io scheduler deadline registered
[    1.622058] io scheduler cfq registered (default)
[    1.627097] ACPI: AC Adapter [AC] (off-line)
[    1.629820] input: Power Button as /devices/LNXSYSTM:00/LNXPWRBN:00/input/input0
[    1.663442] ACPI: Power Button [PWRF]
[    1.671493] input: Sleep Button as /devices/LNXSYSTM:00/LNXSLPBN:00/input/input1
[    1.675201] ACPI: Sleep Button [SLPF]
[    1.677808] Serial: 8250/16550 driver, 32 ports, IRQ sharing enabled
[    1.682036] ACPI: Battery Slot [BAT0] (battery present)
[    1.724922] 00:02: ttyS0 at I/O 0x3f8 (irq = 4, base_baud = 115200) is a 16550A
[    1.740444] Linux agpgart interface v0.103
[    1.749257] loop: module loaded
[    1.757071] scsi host0: ata_piix
[    1.760736] scsi host1: ata_piix
[    1.763076] ata1: PATA max UDMA/33 cmd 0x1f0 ctl 0x3f6 bmdma 0xd000 irq 14
[    1.771110] ata2: PATA max UDMA/33 cmd 0x170 ctl 0x376 bmdma 0xd008 irq 15
[    1.781777] libphy: Fixed MDIO Bus: probed
[    1.784969] tun: Universal TUN/TAP device driver, 1.6
[    1.787326] PPP generic driver version 2.4.2
[    1.789430] ehci_hcd: USB 2.0 'Enhanced' Host Controller (EHCI) Driver
[    1.801341] ehci-pci: EHCI PCI platform driver
[    1.803500] ehci-platform: EHCI generic platform driver
[    1.806121] ohci_hcd: USB 1.1 'Open' Host Controller (OHCI) Driver
[    1.808988] ohci-pci: OHCI PCI platform driver
[    1.811148] ohci-platform: OHCI generic platform driver
[    1.813640] uhci_hcd: USB Universal Host Controller Interface driver
[    1.817963] i8042: PNP: PS/2 Controller [PNP0303:PS2K,PNP0f03:PS2M] at 0x60,0x64 irq 1,12
[    1.826071] serio: i8042 KBD port at 0x60,0x64 irq 1
[    1.830261] serio: i8042 AUX port at 0x60,0x64 irq 12
[    1.843092] mousedev: PS/2 mouse device common for all mice
[    1.847965] input: AT Translated Set 2 keyboard as /devices/platform/i8042/serio0/input/input2
[    1.857789] rtc_cmos rtc_cmos: rtc core: registered rtc_cmos as rtc0
[    1.870702] rtc_cmos rtc_cmos: alarms up to one day, 114 bytesnvram
[    1.935353] i2c /dev entries driver
[    1.940714] device-mapper: uevent: version 1.0.3

[    1.954404] device-mapper: ioctl: 4.37.0-ioctl (2017-09-20) initialised: dm-devel@redhat.com
[    1.967005] ledtrig-cpu: registered to indicate activity on CPUs
[    1.977091] NET: Registered protocol family 10
[    1.994592] Segment Routing with IPv6
[    2.001965] NET: Registered protocol family 17
[    2.015291] Key type dns_resolver registered
[    2.022462] mce: Using 0 MCE banks
[    2.025753] RAS: Correctable Errors collector initialized.
[    2.040459] sched_clock: Marking stable (2040400800, 0)->(6361128483, -4320727683)
[    2.068342] registered taskstats version 1
[    2.070558] Loading compiled-in X.509 certificates
[    2.082479] Loaded X.509 cert 'Build time autogenerated kernel key: 1859b0531897959199376c446a0bd70df75fd1fc'
[    2.110345] zswap: loaded using pool lzo/zbud
[    2.135534] Key type big_key registered
[    2.140748] Key type trusted registered
[    2.155986] Key type encrypted registered
[    2.177032] AppArmor: AppArmor sha1 policy hashing enabled
[    2.182707] ima: No TPM chip found, activating TPM-bypass! (rc=-19)
[    2.206078] ima: Allocated hash algorithm: sha1
[    2.212802] evm: HMAC attrs: 0x1
[    2.223825]   Magic number: 11:824:862
[    2.234915] rtc_cmos rtc_cmos: setting system clock to 2019-11-18 01:52:35 UTC (1574041955)
[    2.263099] BIOS EDD facility v0.16 2004-Jun-25, 0 devices found
[    2.306325] EDD information not available.
[    2.369832] Freeing unused kernel image memory: 2432K
[    2.433680] Write protecting the kernel read-only data: 20480k
[    3.362012] Freeing unused kernel image memory: 2008K
[    3.399568] Freeing unused kernel image memory: 1880K
[    3.423433] x86/mm: Checked W+X mappings: passed, no W+X pages found.
[    3.434190] x86/mm: Checking user space page tables
[    3.454664] x86/mm: Checked W+X mappings: passed, no W+X pages found.
Loading, please wait...
starting version 237
[    3.606918] e1000: Intel(R) PRO/1000 Network Driver - version 7.3.21-k8-NAPI
[    3.610179] e1000: Copyright (c) 1999-2006 Intel Corporation.
[    3.615544] Fusion MPT base driver 3.04.20
[    3.617470] Copyright (c) 1999-2008 LSI Corporation
[    3.640466] AVX2 version of gcm_enc/dec engaged.
[    3.645103] AES CTR mode by8 optimization enabled
[    3.673707] Fusion MPT SPI Host driver 3.04.20
[    3.882655] input: ImExPS/2 Generic Explorer Mouse as /devices/platform/i8042/serio1/input/input4
[    4.244592] e1000 0000:00:03.0 eth0: (PCI:33MHz:32-bit) 02:f6:70:42:12:5d
[    4.253729] e1000 0000:00:03.0 eth0: Intel(R) PRO/1000 Network Connection
[    4.874504] e1000 0000:00:08.0 eth1: (PCI:33MHz:32-bit) 08:00:27:1c:71:ab
[    5.671832] e1000 0000:00:08.0 eth1: Intel(R) PRO/1000 Network Connection
[    6.256196] e1000 0000:00:03.0 enp0s3: renamed from eth0
[    6.259479] mptbase: ioc0: Initiating bringup
[    6.278618] e1000 0000:00:08.0 enp0s8: renamed from eth1
[    6.364553] ioc0: LSI53C1030 A0: Capabilities={Initiator}
[    6.608653] scsi host2: ioc0: LSI53C1030 A0, FwRev=00000000h, Ports=1, MaxQ=256, IRQ=20
[    6.793237] scsi 2:0:0:0: Direct-Access     VBOX     HARDDISK         1.0  PQ: 0 ANSI: 5
[    7.650557] scsi target2:0:0: Beginning Domain Validation
[    7.829466] scsi target2:0:0: Domain Validation skipping write tests
[    7.832619] scsi target2:0:0: Ending Domain Validation
[    7.834476] scsi target2:0:0: asynchronous
[    8.184338] scsi 2:0:1:0: Direct-Access     VBOX     HARDDISK         1.0  PQ: 0 ANSI: 5
[    8.409221] scsi target2:0:1: Beginning Domain Validation
[    8.434441] random: fast init done
[    8.672262] scsi target2:0:1: Domain Validation skipping write tests
[    8.675548] scsi target2:0:1: Ending Domain Validation
[    8.677582] scsi target2:0:1: asynchronous
[    8.687672] random: systemd-udevd: uninitialized urandom read (16 bytes read)
[    8.827086] sd 2:0:0:0: Attached scsi generic sg0 type 0
[    9.437956] random: systemd-udevd: uninitialized urandom read (16 bytes read)
[    9.438269] sd 2:0:0:0: [sda] 20971520 512-byte logical blocks: (10.7 GB/10.0 GiB)
[    9.441320] random: systemd-udevd: uninitialized urandom read (16 bytes read)
[    9.444687] sd 2:0:0:0: [sda] Write Protect is off
[    9.456762] sd 2:0:1:0: Attached scsi generic sg1 type 0
[    9.469439] sd 2:0:1:0: [sdb] 20480 512-byte logical blocks: (10.5 MB/10.0 MiB)
[    9.543893] sd 2:0:0:0: [sda] Incomplete mode parameter data
[    9.554427] sd 2:0:0:0: [sda] Assuming drive cache: write through
[    9.554502] sd 2:0:1:0: [sdb] Write Protect is off
[    9.666711] sd 2:0:1:0: [sdb] Incomplete mode parameter data
[    9.668671] sd 2:0:1:0: [sdb] Assuming drive cache: write through
[    9.681283]  sda: sda1
[    9.683781] sd 2:0:1:0: [sdb] Attached SCSI disk
[    9.709747] sd 2:0:0:0: [sda] Attached SCSI disk
Begin: Loading essential drivers ... [   11.280637] raid6: sse2x1   gen()  7719 MB/s
[   11.344318] raid6: sse2x1   xor()  6616 MB/s
[   11.412230] raid6: sse2x2   gen() 10654 MB/s
[   11.460606] raid6: sse2x2   xor()  5162 MB/s
[   11.508638] raid6: sse2x4   gen() 10533 MB/s
[   11.556142] raid6: sse2x4   xor()  4985 MB/s
[   11.624527] raid6: avx2x1   gen() 15170 MB/s
[   11.684178] raid6: avx2x1   xor()  8601 MB/s
[   11.736194] raid6: avx2x2   gen()  9467 MB/s
[   11.792107] raid6: avx2x2   xor()  4314 MB/s
[   11.852300] raid6: avx2x4   gen()  7681 MB/s
[   11.900093] raid6: avx2x4   xor()  6742 MB/s
[   11.902497] raid6: using algorithm avx2x1 gen() 15170 MB/s
[   11.914133] raid6: .... xor() 8601 MB/s, rmw enabled
[   11.916975] raid6: using avx2x2 recovery algorithm
[   11.922128] xor: automatically using best checksumming function   avx       
[   11.940987] async_tx: api initialized (async)
done.
Begin: Running /scripts/init-premount ... done.
Begin: Mounting root file system ... Begin: Running /scripts/local-top ... done.
Begin: Running /scripts/local-premount ... [   12.046637] Btrfs loaded, crc32c=crc32c-intel
Scanning for Btrfs filesystems
done.
Warning: fsck not present, so skipping root file system
[   12.117093] EXT4-fs (sda1): INFO: recovery required on readonly filesystem
[   12.122631] EXT4-fs (sda1): write access will be enabled during recovery
[   12.449479] EXT4-fs (sda1): recovery complete
[   12.472680] EXT4-fs (sda1): mounted filesystem with ordered data mode. Opts: (null)
done.
Begin: Running /scripts/local-bottom ... done.
Begin: Running /scripts/init-bottom ... done.
[   12.890242] ip_tables: (C) 2000-2006 Netfilter Core Team
[   13.134321] systemd[1]: systemd 237 running in system mode. (+PAM +AUDIT +SELINUX +IMA +APPARMOR +SMACK +SYSVINIT +UTMP +LIBCRYPTSETUP +GCRYPT +GNUTLS +ACL +XZ +LZ4 +SECCOMP +BLKID +ELFUTILS +KMOD -IDN2 +IDN -PCRE2 default-hierarchy=hybrid)
[   13.141815] systemd[1]: Detected virtualization oracle.
[   13.447345] systemd[1]: Detected architecture x86-64.

Welcome to [1mUbuntu 18.04.3 LTS[0m!

[   13.475551] systemd[1]: Set hostname to <ubuntu-bionic>.
[   14.195184] systemd[1]: Created slice User and Session Slice.
[[0;32m  OK  [0m] Created slice User and Session Slice.
[   14.835544] systemd[1]: Reached target System Time Synchronized.
[[0;32m  OK  [0m] Reached target System Time Synchronized.
[   15.818627] systemd[1]: Started Forward Password Requests to Wall Directory Watch.
[[0;32m  OK  [0m] Started Forward Password Requests to Wall Directory Watch.
[   15.843644] systemd[1]: Reached target User and Group Name Lookups.
[[0;32m  OK  [0m] Reached target User and Group Name Lookups.
[   15.855636] systemd[1]: Set up automount Arbitrary Executable File Formats File System Automount Point.
[[0;32m  OK  [0m] Set up automount Arbitrary Executab…rmats File System Automount Point.
[   16.873511] systemd[1]: Created slice System Slice.
[[0;32m  OK  [0m] Created slice System Slice.
[[0;32m  OK  [0m] Listening on /dev/initctl Compatibility Named Pipe.
[[0;32m  OK  [0m] Listening on Journal Socket.
         Starting Uncomplicated firewall...
         Starting Create list of required st…ce nodes for the current kernel...
         Starting Set the console keyboard layout...
[[0;32m  OK  [0m] Listening on Syslog Socket.
[[0;32m  OK  [0m] Listening on LVM2 metadata daemon socket.
[[0;32m  OK  [0m] Reached target Slices.
[[0;32m  OK  [0m] Created slice system-serial\x2dgetty.slice.
         Starting Remount Root and Kernel File Systems...
         Mounting Kernel Debug File System...
[[0;32m  OK  [0m] Listening on Journal Audit Socket.
[[0;32m  OK  [0m] Reached target Swap.
[[0;32m  OK  [0m] Listening on Device-mapper event daemon FIFOs.
         Mounting POSIX Message Queue File System...
[[0;32m  OK  [0m] Listening on udev Control Socket.
[   17.066081] EXT4-fs (sda1): re-mounted. Opts: (null)
[[0;32m  OK  [0m] Listening on LVM2 poll daemon socket.
[[0;32m  OK  [0m] Listening on Network Service Netlink Socket.
         Mounting Huge Pages File System...
[[0;32m  OK  [0m] Listening on udev Kernel Socket.
         Starting udev Coldplug all Devices...
         Starting Monitoring of LVM2 mirrors…ng dmeventd or progress polling...
         Starting Load Kernel Modules...
[[0;32m  OK  [0m] Listening on Journal Socket (/dev/log).
         Starting Journal Service...
[[0;32m  OK  [0m] Started Uncomplicated firewall.
[[0;32m  OK  [0m] Started Create list of required sta…vice nodes for the current kernel.
[   17.182065] Loading iSCSI transport class v2.0-870.
[[0;32m  OK  [0m] Started Set [   17.191248] random: crng init done
[   17.211070] random: 7 urandom warning(s) missed due to ratelimiting
the console keyboard layout.
[[0;32m  OK  [0m] Started Remount Root and Kernel File Systems.
[[0;32m  OK  [0m] Mounted Kernel Debug File System.
[[0;32m  OK  [0m] Mounted POSIX Message Queue File System.
[[0;32m  OK  [0m] Mounted Huge Pages File System.
[   17.242949] iscsi: registered transport (tcp)
[[0;32m  OK  [0m] Started LVM2 metadata daemon.
         Starting Load/Save Random Seed...
         Starting Create Static Device Nodes in /dev...
[[0;32m  OK  [0m] Started Journal Service.
         Starting Flush Journal to Persistent Storage...
[[0;32m  OK  [0m] Started udev Coldplug all Devices.
[[0;32m  OK  [0m] Started Load/Save Random Seed.
[[0;32m  OK  [0m] Started Monitoring of LVM2 mirrors,…sing dmeventd or progress polling.
[   17.328366] iscsi: registered transport (iser)
[[0;32m  OK  [0m] Started Load Kernel Modules.
         Mounting Kernel Configuration File System...
         Starting Apply Kernel Variables...
         Mounting FUSE Control File System...
[[0;32m  OK  [0m] Mounted Kernel Configuration File System.
[[0;32m  OK  [0m] Mounted FUSE Control File System.
[   17.393495] systemd-journald[410]: Received request to flush runtime journal from PID 1
[[0;32m  OK  [0m] Started Create Static Device Nodes in /dev.
         Starting udev Kernel Device Manager...
[[0;32m  OK  [0m] Reached target Local File Systems (Pre).
[[0;32m  OK  [0m] Reached target Local File Systems.
         Starting ebtables ruleset management...
         Starting AppArmor initialization...
         Starting Tell Plymouth To Write Out Runtime Data...
         Starting Set console font and keymap...
[[0;32m  OK  [0m] Started Apply Kernel Variables.
[[0;32m  OK  [0m] Started Tell Plymouth To Write Out Runtime Data.
[[0;32m  OK  [0m] Started Set console font and keymap.
[[0;32m  OK  [0m] Started udev Kernel Device Manager.
[[0;32m  OK  [0m] Started Dispatch Password Requests to Console Directory Watch.
[[0;32m  OK  [0m] Reached target Local Encrypted Volumes.
[[0;32m  OK  [0m] Started ebtables ruleset management.
[[0;32m  OK  [0m] Started Flush Journal to Persistent Storage.
         Starting Create Volatile Files and Directories...
[[0;32m  OK  [0m] Started Create Volatile Files and Directories.
         Starting Update UTMP about System Boot/Shutdown...
[[0;32m  OK  [0m] Started Update UTMP about System Boot/Shutdown.
[[0;32m  OK  [0m] Found device /dev/ttyS0.
[[0;32m  OK  [0m] Started AppArmor initialization.
         Starting Initial cloud-init job (pre-networking)...
[[0;32m  OK  [0m] Listening on Load/Save RF Kill Switch Status /dev/rfkill Watch.
[   20.997369] cloud-init[535]: Cloud-init v. 19.1-1-gbaa47854-0ubuntu1~18.04.1 running 'init-local' at Mon, 18 Nov 2019 01:52:53 +0000. Up 20.70 seconds.
[[0;32m  OK  [0m] Started Initial cloud-init job (pre-networking).
[[0;32m  OK  [0m] Reached target Network (Pre).
         Starting Network Service...
[[0;32m  OK  [0m] Started Network Service.
         Starting Wait for Network to be Configured...
         Starting Network Name Resolution...
[[0;32m  OK  [0m] Started Network Name Resolution.
[[0;32m  OK  [0m] Reached target Host and Network Name Lookups.
[[0;32m  OK  [0m] Reached target Network.
[[0;32m  OK  [0m] Started Wait for Network to be Configured.
         Starting Initial cloud-init job (metadata service crawler)...
[   24.153570] cloud-init[704]: Cloud-init v. 19.1-1-gbaa47854-0ubuntu1~18.04.1 running 'init' at Mon, 18 Nov 2019 01:52:57 +0000. Up 23.96 seconds.
[   24.167491] cloud-init[704]: ci-info: ++++++++++++++++++++++++++++++++++++++Net device info+++++++++++++++++++++++++++++++++++++++
[   24.176726] cloud-init[704]: ci-info: +--------+------+-----------------------------+---------------+--------+-------------------+
[   24.193986] cloud-init[704]: ci-info: | Device |  Up  |           Address           |      Mask     | Scope  |     Hw-Address    |
[   24.203026] cloud-init[704]: ci-info: +--------+------+-----------------------------+---------------+--------+-------------------+
[   24.220284] cloud-init[704]: ci-info: | enp0s3 | True |          10.0.2.15          | 255.255.255.0 | global | 02:f6:70:42:12:5d |
[   24.244386] cloud-init[704]: ci-info: | enp0s3 | True |  fe80::f6:70ff:fe42:125d/64 |       .       |  link  | 02:f6:70:42:12:5d |
[   24.276908] cloud-init[704]: ci-info: | enp0s8 | True |        192.168.33.10        | 255.255.255.0 | global | 08:00:27:1c:71:ab |
[   24.296345] cloud-init[704]: ci-info: | enp0s8 | True | fe80::a00:27ff:fe1c:71ab/64 |       .       |  link  | 08:00:27:1c:71:ab |
[   24.352603] cloud-init[704]: ci-info: |   lo   | True |          127.0.0.1          |   255.0.0.0   |  host  |         .         |
[   24.366385] cloud-init[704]: ci-info: |   lo   | True |           ::1/128           |       .       |  host  |         .         |
[   24.390190] cloud-init[704]: ci-info: +--------+------+-----------------------------+---------------+--------+-------------------+
[   24.393533] cloud-init[704]: ci-info: +++++++++++++++++++++++++++++Route IPv4 info+++++++++++++++++++++++++++++
[   24.397442] cloud-init[704]: ci-info: +-------+--------------+----------+-----------------+-----------+-------+
[   24.404692] cloud-init[704]: ci-info: | Route | Destination  | Gateway  |     Genmask     | Interface | Flags |
[   24.408237] cloud-init[704]: ci-info: +-------+--------------+----------+-----------------+-----------+-------+
[   24.415253] cloud-init[704]: ci-info: |   0   |   0.0.0.0    | 10.0.2.2 |     0.0.0.0     |   enp0s3  |   UG  |
[   24.428605] cloud-init[704]: ci-info: |   1   |   10.0.2.0   | 0.0.0.0  |  255.255.255.0  |   enp0s3  |   U   |
[   24.437901] cloud-init[704]: ci-info: |   2   |   10.0.2.2   | 0.0.0.0  | 255.255.255.255 |   enp0s3  |   UH  |
[   24.446453] cloud-init[704]: ci-info: |   3   | 192.168.33.0 | 0.0.0.0  |  255.255.255.0  |   enp0s8  |   U   |
[   24.450979] cloud-init[704]: ci-info: +-------+--------------+----------+-----------------+-----------+-------+
[   24.462350] cloud-init[704]: ci-info: +++++++++++++++++++Route IPv6 info+++++++++++++++++++
[   24.465801] cloud-init[704]: ci-info: +-------+-------------+---------+-----------+-------+
[   24.469086] cloud-init[704]: ci-info: | Route | Destination | Gateway | Interface | Flags |
[   24.472219] cloud-init[704]: ci-info: +-------+-------------+---------+-----------+-------+
[   24.475288] cloud-init[704]: ci-info: |   1   |  fe80::/64  |    ::   |   enp0s8  |   U   |
[   24.478618] cloud-init[704]: ci-info: |   2   |  fe80::/64  |    ::   |   enp0s3  |   U   |
[   24.481820] cloud-init[704]: ci-info: |   4   |    local    |    ::   |   enp0s3  |   U   |
[   24.485087] cloud-init[704]: ci-info: |   5   |    local    |    ::   |   enp0s8  |   U   |
[   24.489253] cloud-init[704]: ci-info: |   6   |   ff00::/8  |    ::   |   enp0s8  |   U   |
[   24.493191] cloud-init[704]: ci-info: |   7   |   ff00::/8  |    ::   |   enp0s3  |   U   |
[   24.497157] cloud-init[704]: ci-info: +-------+-------------+---------+-----------+-------+
[[0;32m  OK  [0m] Started Initial cloud-init job (metadata service crawler).
[[0;32m  OK  [0m] Reached target Network is Online.
         Starting Availability of block devices...
[[0;32m  OK  [0m] Reached target Remote File Systems (Pre).
[[0;32m  OK  [0m] Reached target Remote File Systems.
[[0;32m  OK  [0m] Reached target System Initialization.
[[0;32m  OK  [0m] Started Daily apt download activities.
         Starting Docker Socket for the API.
[[0;32m  OK  [0m] Started Message of the Day.
[[0;32m  OK  [0m] Listening on D-Bus System Message Bus Socket.
[[0;32m  OK  [0m] Started ACPI Events Check.
[[0;32m  OK  [0m] Reached target Paths.
         Starting LXD - unix socket.
[[0;32m  OK  [0m] Listening on ACPID Listen Socket.
[[0;32m  OK  [0m] Listening on UUID daemon activation socket.
[[0;32m  OK  [0m] Started Daily apt upgrade and clean activities.
[[0;32m  OK  [0m] Started Discard unused blocks once a week.
         Starting Socket activation for snappy daemon.
[[0;32m  OK  [0m] Started Daily Cleanup of Temporary Directories.
[[0;32m  OK  [0m] Reached target Timers.
[[0;32m  OK  [0m] Listening on Open-iSCSI iscsid Socket.
[[0;32m  OK  [0m] Reached target Cloud-config availability.
[[0;32m  OK  [0m] Started Availability of block devices.
[[0;32m  OK  [0m] Listening on Docker Socket for the API.
[[0;32m  OK  [0m] Listening on LXD - unix socket.
[[0;32m  OK  [0m] Listening on Socket activation for snappy daemon.
[[0;32m  OK  [0m] Reached target Sockets.
[[0;32m  OK  [0m] Reached target Basic System.
         Starting Permit User Sessions...
         Starting containerd container runtime...
[[0;32m  OK  [0m] Started FUSE filesystem for LXC.
         Starting OpenBSD Secure Shell server...
[[0;32m  OK  [0m] Started irqbalance daemon.
         Starting Accounts Service...
[[0;32m  OK  [0m] Started Deferred execution scheduler.
         Starting Login Service...
         Starting Snappy daemon...
         Starting LSB: automatic crash report generation...
         Starting Ubuntu FAN network setup...
         Starting System Logging Service...
         Starting Message of the Day...
         Starting LXD - container startup/shutdown...
         Starting LSB: Record successful boot for GRUB...
         Starting Dispatcher daemon for systemd-networkd...
         Starting vboxadd.service...
[[0;32m  OK  [0m] Started D-Bus System Message Bus.
[[0;32m  OK  [0m] Started Regular background program processing daemon.
         Starting Discard unused blocks...
[[0;32m  OK  [0m] Started System Logging Service.
[[0;32m  OK  [0m] Started Permit User Sessions.
[[0;32m  OK  [0m] Started containerd container runtime.
[[0;32m  OK  [0m] Started Login Service.
[[0;32m  OK  [0m] Started Unattended Upgrades Shutdown.
         Starting Terminate Plymouth Boot Screen...
         Starting Hold until boot process finishes up...
[[0;32m  OK  [0m] Started Ubuntu FAN network setup.
[[0;32m  OK  [0m] Started OpenBSD Secure Shell server.
[[0;32m  OK  [0m] Started Terminate Plymouth Boot Screen.
[[0;32m  OK  [0m] Started Hold until boot process finishes up.
[[0;32m  OK  [0m] Started Discard unused blocks.
[[0;32m  OK  [0m] Started Serial Getty on ttyS0.
         Starting Set console scheme...
         Starting Authorization Manager...
[[0;32m  OK  [0m] Started Set console scheme.
[[0;32m  OK  [0m] Created slice system-getty.slice.
[[0;32m  OK  [0m] Started Getty on tty1.
[[0;32m  OK  [0m] Reached target Login Prompts.
[[0;32m  OK  [0m] Started LSB: Record successful boot for GRUB.
[[0;32m  OK  [0m] Started LSB: automatic crash report generation.
[[0;32m  OK  [0m] Started Authorization Manager.
[[0;32m  OK  [0m] Started Accounts Service.
[[0;32m  OK  [0m] Started Snappy daemon.
         Starting Wait until snapd is fully seeded...
[[0;32m  OK  [0m] Started Dispatcher daemon for systemd-networkd.
[[0;32m  OK  [0m] Started LXD - container startup/shutdown.
[[0;32m  OK  [0m] Started Wait until snapd is fully seeded.
         Starting Apply the settings specified in cloud-config...
[[0;32m  OK  [0m] Started vboxadd.service.
         Starting vboxadd-service.service...
[[0;32m  OK  [0m] Started vboxadd-service.service.
[[0;32m  OK  [0m] Reached target Multi-User System.
[[0;32m  OK  [0m] Reached target Graphical Interface.
         Starting Update UTMP about System Runlevel Changes...
[[0;32m  OK  [0m] Started Update UTMP about System Runlevel Changes.
[   27.942905] cloud-init[1379]: Cloud-init v. 19.1-1-gbaa47854-0ubuntu1~18.04.1 running 'modules:config' at Mon, 18 Nov 2019 01:53:01 +0000. Up 27.77 seconds.
[[0;32m  OK  [0m] Started Apply the settings specified in cloud-config.
         Starting Execute cloud user/final scripts...
[[0;32m  OK  [0m] Created slice User Slice of vagrant.
         Starting User Manager for UID 1000...
[[0;32m  OK  [0m] Started Session 1 of user vagrant.
[[0;32m  OK  [0m] Started Message of the Day.
[[0;32m  OK  [0m] Started User Manager for UID 1000.
[   28.869918] cloud-init[1478]: Cloud-init v. 19.1-1-gbaa47854-0ubuntu1~18.04.1 running 'modules:final' at Mon, 18 Nov 2019 01:53:01 +0000. Up 28.67 seconds.
[   28.884816] cloud-init[1478]: Cloud-init v. 19.1-1-gbaa47854-0ubuntu1~18.04.1 finished at Mon, 18 Nov 2019 01:53:02 +0000. Datasource DataSourceNoCloud [seed=/dev/sdb][dsmode=net].  Up 28.86 seconds
[[0;32m  OK  [0m] Started Execute cloud user/final scripts.
[[0;32m  OK  [0m] Reached target Cloud-init target.

Ubuntu 18.04.3 LTS ubuntu-bionic ttyS0

ubuntu-bionic login: 